<?xml version="1.0" encoding="UTF-8"?>
<!-- Generated by org.testng.reporters.JUnitXMLReporter -->
<testsuite ignored="0" hostname="DESKTOP-FF8BLIG" failures="1" tests="3" name="Error validation" time="22.055" errors="0" timestamp="2024-11-23T22:11:13 IST">
  <testcase classname="ankitsolanki.Tests.ErrorValidation" name="LoginErrorValidation" time="1.321">
    <skipped/>
  </testcase> <!-- LoginErrorValidation -->
  <testcase classname="ankitsolanki.Tests.ErrorValidation" name="LoginErrorValidation" time="2.771">
    <failure type="java.lang.AssertionError" message="expected [Incorrect email or password.] but found [Incorrect email  password.]">
      <![CDATA[java.lang.AssertionError: expected [Incorrect email or password.] but found [Incorrect email  password.]
at ankitsolanki.Tests.ErrorValidation.LoginErrorValidation(ErrorValidation.java:23)
at java.base/java.util.ArrayList.forEach(ArrayList.java:1511)
at java.base/java.util.concurrent.FutureTask.run(FutureTask.java:264)
at java.base/java.util.concurrent.ThreadPoolExecutor.runWorker(ThreadPoolExecutor.java:1136)
at java.base/java.util.concurrent.ThreadPoolExecutor$Worker.run(ThreadPoolExecutor.java:635)
at java.base/java.lang.Thread.run(Thread.java:840)
... Removed 23 stack frames]]>
    </failure>
  </testcase> <!-- LoginErrorValidation -->
  <testcase classname="ankitsolanki.Tests.ErrorValidation" name="ProductErrorValidation" time="2.927"/>
</testsuite> <!-- Error validation -->
